<?xml version="1.0" encoding="UTF-8"?>
<testng-results ignored="0" total="0" passed="0" failed="0" skipped="0">
  <reporter-output>
  </reporter-output>
  <suite started-at="2023-09-28T15:44:37 IST" name="Default suite" finished-at="2023-09-28T15:44:40 IST" duration-ms="3152">
    <groups>
    </groups>
    <test started-at="2023-09-28T15:44:37 IST" name="Default test" finished-at="2023-09-28T15:44:40 IST" duration-ms="3152">
      <class name="mamotest.AGENTLOGIN">
        <test-method is-config="true" signature="setUp()[pri:0, instance:mamotest.AGENTLOGIN@3f9342d4]" started-at="2023-09-28T15:44:37 IST" name="setUp" finished-at="2023-09-28T15:44:40 IST" duration-ms="3133" status="PASS">
          <reporter-output>
          </reporter-output>
        </test-method> <!-- setUp -->
      </class> <!-- mamotest.AGENTLOGIN -->
    </test> <!-- Default test -->
  </suite> <!-- Default suite -->
</testng-results>
