<?xml version="1.0" encoding="UTF-8"?>
<!-- Generated by org.testng.reporters.JUnitXMLReporter -->
<testsuite ignored="0" hostname="DESKTOP-OJEOPFK" failures="0" tests="2" name="Test" time="24.507" errors="0" timestamp="07 Aug 2023 10:48:07 GMT">
  <testcase classname="mammografia.mammo" name="@BeforeTest setUp1" time="24.38">
    <failure type="org.openqa.selenium.SessionNotCreatedException" message="Could not start a new session. Response code 500. Message: An unknown server-side error occurred while processing the command. Original error: No Chromedriver found that can automate Chrome &amp;apos;115.0.5790&amp;apos;. See https://github.com/appium/appium/blob/master/docs/en/writing-running-appium/web/chromedriver.md for more details 
Host info: host: &amp;apos;DESKTOP-OJEOPFK&amp;apos;, ip: &amp;apos;192.168.2.207&amp;apos;
Build info: version: &amp;apos;4.8.3&amp;apos;, revision: &amp;apos;b19b418e60&amp;apos;
System info: os.name: &amp;apos;Windows 10&amp;apos;, os.arch: &amp;apos;amd64&amp;apos;, os.version: &amp;apos;10.0&amp;apos;, java.version: &amp;apos;19.0.2&amp;apos;
Driver info: io.appium.java_client.android.AndroidDriver
Command: [null, newSession {capabilities=[{browserName=CHROME, appium:deviceName=GalaxyA13, platformName=ANDROID, appium:platformVersion=13}], desiredCapabilities=Capabilities {browserName: CHROME, deviceName: GalaxyA13, platformName: ANDROID, platformVersion: 13}}]
Capabilities {browserName: CHROME, deviceName: GalaxyA13, platformName: ANDROID, platformVersion: 13}">
      <![CDATA[org.openqa.selenium.SessionNotCreatedException: Could not start a new session. Response code 500. Message: An unknown server-side error occurred while processing the command. Original error: No Chromedriver found that can automate Chrome '115.0.5790'. See https://github.com/appium/appium/blob/master/docs/en/writing-running-appium/web/chromedriver.md for more details 
Host info: host: 'DESKTOP-OJEOPFK', ip: '192.168.2.207'
Build info: version: '4.8.3', revision: 'b19b418e60'
System info: os.name: 'Windows 10', os.arch: 'amd64', os.version: '10.0', java.version: '19.0.2'
Driver info: io.appium.java_client.android.AndroidDriver
Command: [null, newSession {capabilities=[{browserName=CHROME, appium:deviceName=GalaxyA13, platformName=ANDROID, appium:platformVersion=13}], desiredCapabilities=Capabilities {browserName: CHROME, deviceName: GalaxyA13, platformName: ANDROID, platformVersion: 13}}]
Capabilities {browserName: CHROME, deviceName: GalaxyA13, platformName: ANDROID, platformVersion: 13}
at org.openqa.selenium.remote.ProtocolHandshake.createSession(ProtocolHandshake.java:148)
at io.appium.java_client.remote.AppiumProtocolHandshake.createSession(AppiumProtocolHandshake.java:133)
at io.appium.java_client.remote.AppiumProtocolHandshake.createSession(AppiumProtocolHandshake.java:102)
at io.appium.java_client.remote.AppiumCommandExecutor.createSession(AppiumCommandExecutor.java:182)
at io.appium.java_client.remote.AppiumCommandExecutor.execute(AppiumCommandExecutor.java:250)
at org.openqa.selenium.remote.RemoteWebDriver.execute(RemoteWebDriver.java:543)
at io.appium.java_client.AppiumDriver.startSession(AppiumDriver.java:274)
at org.openqa.selenium.remote.RemoteWebDriver.<init>(RemoteWebDriver.java:157)
at io.appium.java_client.AppiumDriver.<init>(AppiumDriver.java:89)
at io.appium.java_client.AppiumDriver.<init>(AppiumDriver.java:101)
at io.appium.java_client.android.AndroidDriver.<init>(AndroidDriver.java:113)
at mammografia.mammo.setUp1(mammo.java:32)
... Removed 24 stack frames]]>
    </failure>
  </testcase> <!-- @BeforeTest setUp1 -->
  <testcase classname="mammografia.mammo" name="testWebsite" time="0.0">
    <skipped/>
  </testcase> <!-- testWebsite -->
  <testcase classname="mammografia.mammo" name="testWebsite1" time="0.0">
    <skipped/>
  </testcase> <!-- testWebsite1 -->
</testsuite> <!-- Test -->
