<?xml version="1.0" encoding="UTF-8"?>
<testng-results ignored="0" total="1" passed="1" failed="0" skipped="0">
  <reporter-output>
  </reporter-output>
  <suite started-at="2025-05-15T10:02:57 IST" name="Default suite" finished-at="2025-05-15T10:03:07 IST" duration-ms="9468">
    <groups>
    </groups>
    <test started-at="2025-05-15T10:02:57 IST" name="Default test" finished-at="2025-05-15T10:03:07 IST" duration-ms="9468">
      <class name="LoginTest">
        <test-method is-config="true" signature="setup()[pri:0, instance:LoginTest@3bf9ce3e]" started-at="2025-05-15T10:02:57 IST" name="setup" finished-at="2025-05-15T10:03:02 IST" duration-ms="5021" status="PASS">
          <reporter-output>
          </reporter-output>
        </test-method> <!-- setup -->
        <test-method signature="validLogin()[pri:0, instance:LoginTest@3bf9ce3e]" started-at="2025-05-15T10:03:02 IST" name="validLogin" finished-at="2025-05-15T10:03:07 IST" duration-ms="4245" status="PASS">
          <reporter-output>
          </reporter-output>
        </test-method> <!-- validLogin -->
        <test-method is-config="true" signature="tearDown()[pri:0, instance:LoginTest@3bf9ce3e]" started-at="2025-05-15T10:03:07 IST" name="tearDown" finished-at="2025-05-15T10:03:07 IST" duration-ms="174" status="PASS">
          <reporter-output>
          </reporter-output>
        </test-method> <!-- tearDown -->
      </class> <!-- LoginTest -->
    </test> <!-- Default test -->
  </suite> <!-- Default suite -->
</testng-results>
