<?xml version="1.0" encoding="UTF-8"?>
<testng-results ignored="11" total="12" passed="1" failed="0" skipped="0">
  <reporter-output>
  </reporter-output>
  <suite started-at="2025-05-15T14:28:14 IST" name="Default suite" finished-at="2025-05-15T14:28:19 IST" duration-ms="5187">
    <groups>
    </groups>
    <test started-at="2025-05-15T14:28:14 IST" name="Default test" finished-at="2025-05-15T14:28:19 IST" duration-ms="5187">
      <class name="ddclabs.DDCfrontend">
        <test-method is-config="true" signature="setUp()[pri:0, instance:ddclabs.DDCfrontend@3d1848cc]" started-at="2025-05-15T14:28:14 IST" name="setUp" finished-at="2025-05-15T14:28:18 IST" duration-ms="3575" status="PASS">
          <reporter-output>
          </reporter-output>
        </test-method> <!-- setUp -->
        <test-method signature="employeelogin()[pri:16, instance:ddclabs.DDCfrontend@3d1848cc]" started-at="2025-05-15T14:28:18 IST" name="employeelogin" finished-at="2025-05-15T14:28:19 IST" duration-ms="1504" status="PASS">
          <reporter-output>
          </reporter-output>
        </test-method> <!-- employeelogin -->
        <test-method is-config="true" signature="tearDown()[pri:0, instance:ddclabs.DDCfrontend@3d1848cc]" started-at="2025-05-15T14:28:19 IST" name="tearDown" finished-at="2025-05-15T14:28:19 IST" duration-ms="1" status="PASS">
          <reporter-output>
          </reporter-output>
        </test-method> <!-- tearDown -->
      </class> <!-- ddclabs.DDCfrontend -->
    </test> <!-- Default test -->
  </suite> <!-- Default suite -->
</testng-results>
