<?xml version="1.0" encoding="UTF-8"?>
<!-- Generated by org.testng.reporters.JUnitXMLReporter -->
<testsuite ignored="30" hostname="DESKTOP-OJEOPFK" failures="0" tests="1" name="Test" time="7.693" errors="0" timestamp="2024-06-24T15:41:02 IST">
  <testcase classname="ddclabs.DDC" name="gallery" time="3.76"/>
  <testcase classname="ddclabs.DDC" name="EditServices" time="0.0">
    <ignored/>
  </testcase> <!-- EditServices -->
  <testcase classname="ddclabs.DDC" name="EditDirectors" time="0.0">
    <ignored/>
  </testcase> <!-- EditDirectors -->
  <testcase classname="ddclabs.DDC" name="directors" time="0.0">
    <ignored/>
  </testcase> <!-- directors -->
  <testcase classname="ddclabs.DDC" name="Appointmentsearch" time="0.0">
    <ignored/>
  </testcase> <!-- Appointmentsearch -->
  <testcase classname="ddclabs.DDC" name="TestimonialAdd" time="0.0">
    <ignored/>
  </testcase> <!-- TestimonialAdd -->
  <testcase classname="ddclabs.DDC" name="Dashboard" time="0.0">
    <ignored/>
  </testcase> <!-- Dashboard -->
  <testcase classname="ddclabs.DDC" name="TestimonialEdit" time="0.0">
    <ignored/>
  </testcase> <!-- TestimonialEdit -->
  <testcase classname="ddclabs.DDC" name="AddPackages" time="0.0">
    <ignored/>
  </testcase> <!-- AddPackages -->
  <testcase classname="ddclabs.DDC" name="Enquiry" time="0.0">
    <ignored/>
  </testcase> <!-- Enquiry -->
  <testcase classname="ddclabs.DDC" name="PageContent" time="0.0">
    <ignored/>
  </testcase> <!-- PageContent -->
  <testcase classname="ddclabs.DDC" name="NoticeAdd" time="0.0">
    <ignored/>
  </testcase> <!-- NoticeAdd -->
  <testcase classname="ddclabs.DDC" name="Team" time="0.0">
    <ignored/>
  </testcase> <!-- Team -->
  <testcase classname="ddclabs.DDC" name="PackagesEdit" time="0.0">
    <ignored/>
  </testcase> <!-- PackagesEdit -->
  <testcase classname="ddclabs.DDC" name="editBranches" time="0.0">
    <ignored/>
  </testcase> <!-- editBranches -->
  <testcase classname="ddclabs.DDC" name="NoticesEdit" time="0.0">
    <ignored/>
  </testcase> <!-- NoticesEdit -->
  <testcase classname="ddclabs.DDC" name="AddBranches" time="0.0">
    <ignored/>
  </testcase> <!-- AddBranches -->
  <testcase classname="ddclabs.DDC" name="AddDepartments" time="0.0">
    <ignored/>
  </testcase> <!-- AddDepartments -->
  <testcase classname="ddclabs.DDC" name="DoctorsEdit" time="0.0">
    <ignored/>
  </testcase> <!-- DoctorsEdit -->
  <testcase classname="ddclabs.DDC" name="EditAssociates" time="0.0">
    <ignored/>
  </testcase> <!-- EditAssociates -->
  <testcase classname="ddclabs.DDC" name="Careers" time="0.0">
    <ignored/>
  </testcase> <!-- Careers -->
  <testcase classname="ddclabs.DDC" name="PageContentEdit" time="0.0">
    <ignored/>
  </testcase> <!-- PageContentEdit -->
  <testcase classname="ddclabs.DDC" name="Doctors" time="0.0">
    <ignored/>
  </testcase> <!-- Doctors -->
  <testcase classname="ddclabs.DDC" name="loginScenarios" time="0.0">
    <ignored/>
  </testcase> <!-- loginScenarios -->
  <testcase classname="ddclabs.DDC" name="AddServices" time="0.0">
    <ignored/>
  </testcase> <!-- AddServices -->
  <testcase classname="ddclabs.DDC" name="EditDepartments" time="0.0">
    <ignored/>
  </testcase> <!-- EditDepartments -->
  <testcase classname="ddclabs.DDC" name="VacanciesEdit" time="0.0">
    <ignored/>
  </testcase> <!-- VacanciesEdit -->
  <testcase classname="ddclabs.DDC" name="teamedit" time="0.0">
    <ignored/>
  </testcase> <!-- teamedit -->
  <testcase classname="ddclabs.DDC" name="AddAssociates" time="0.0">
    <ignored/>
  </testcase> <!-- AddAssociates -->
  <testcase classname="ddclabs.DDC" name="applications" time="0.0">
    <ignored/>
  </testcase> <!-- applications -->
  <testcase classname="ddclabs.DDC" name="articles" time="0.0">
    <ignored/>
  </testcase> <!-- articles -->
</testsuite> <!-- Test -->
