<?xml version="1.0" encoding="UTF-8"?>
<!-- Generated by org.testng.reporters.JUnitXMLReporter -->
<testsuite ignored="11" hostname="Bineetha-PC" failures="0" tests="1" name="Default test" time="5.187" errors="0" timestamp="2025-05-15T14:28:19 IST">
  <testcase classname="ddclabs.DDCfrontend" name="employeelogin" time="1.504"/>
  <testcase classname="ddclabs.DDCfrontend" name="BookNow" time="0.0">
    <ignored/>
  </testcase> <!-- BookNow -->
  <testcase classname="ddclabs.DDCfrontend" name="ABOUT" time="0.0">
    <ignored/>
  </testcase> <!-- ABOUT -->
  <testcase classname="ddclabs.DDCfrontend" name="facility" time="0.0">
    <ignored/>
  </testcase> <!-- facility -->
  <testcase classname="ddclabs.DDCfrontend" name="contactUsANDCustomers" time="0.0">
    <ignored/>
  </testcase> <!-- contactUsANDCustomers -->
  <testcase classname="ddclabs.DDCfrontend" name="services" time="0.0">
    <ignored/>
  </testcase> <!-- services -->
  <testcase classname="ddclabs.DDCfrontend" name="URLverification" time="0.0">
    <ignored/>
  </testcase> <!-- URLverification -->
  <testcase classname="ddclabs.DDCfrontend" name="GetAnAppointment" time="0.0">
    <ignored/>
  </testcase> <!-- GetAnAppointment -->
  <testcase classname="ddclabs.DDCfrontend" name="PopularPackages" time="0.0">
    <ignored/>
  </testcase> <!-- PopularPackages -->
  <testcase classname="ddclabs.DDCfrontend" name="LINKDIRECTING" time="0.0">
    <ignored/>
  </testcase> <!-- LINKDIRECTING -->
  <testcase classname="ddclabs.DDCfrontend" name="book" time="0.0">
    <ignored/>
  </testcase> <!-- book -->
  <testcase classname="ddclabs.DDCfrontend" name="careers" time="0.0">
    <ignored/>
  </testcase> <!-- careers -->
</testsuite> <!-- Default test -->
