<?xml version="1.0" encoding="UTF-8"?>
<testng-results ignored="0" total="1" passed="1" failed="0" skipped="0">
  <reporter-output>
  </reporter-output>
  <suite started-at="2025-07-18T09:28:01 IST" name="Default suite" finished-at="2025-07-18T09:28:17 IST" duration-ms="15666">
    <groups>
    </groups>
    <test started-at="2025-07-18T09:28:01 IST" name="Default test" finished-at="2025-07-18T09:28:17 IST" duration-ms="15666">
      <class name="pages.HomepageTest">
        <test-method is-config="true" signature="setup()[pri:0, instance:pages.HomepageTest@2e6a5539]" started-at="2025-07-18T09:28:01 IST" name="setup" finished-at="2025-07-18T09:28:05 IST" duration-ms="4270" status="PASS">
          <reporter-output>
          </reporter-output>
        </test-method> <!-- setup -->
        <test-method signature="signupnavigation()[pri:0, instance:pages.HomepageTest@2e6a5539]" started-at="2025-07-18T09:28:05 IST" name="signupnavigation" finished-at="2025-07-18T09:28:16 IST" duration-ms="11099" status="PASS">
          <reporter-output>
          </reporter-output>
        </test-method> <!-- signupnavigation -->
        <test-method is-config="true" signature="tearDown()[pri:0, instance:pages.HomepageTest@2e6a5539]" started-at="2025-07-18T09:28:16 IST" name="tearDown" finished-at="2025-07-18T09:28:17 IST" duration-ms="185" status="PASS">
          <reporter-output>
          </reporter-output>
        </test-method> <!-- tearDown -->
      </class> <!-- pages.HomepageTest -->
    </test> <!-- Default test -->
  </suite> <!-- Default suite -->
</testng-results>
