<?xml version="1.0" encoding="UTF-8"?>
<!-- Generated by org.testng.reporters.JUnitXMLReporter -->
<testsuite ignored="0" hostname="Bineetha-PC" failures="0" tests="3" name="Chrome Test" time="32.448" errors="0" timestamp="2025-02-26T09:42:45 IST">
  <testcase classname="ddcparallel.Chrome" name="URLverification" time="0.097"/>
  <testcase classname="ddcparallel.Chrome" name="services" time="5.878"/>
  <testcase classname="ddcparallel.Chrome" name="facility" time="18.453"/>
</testsuite> <!-- Chrome Test -->
