<?xml version="1.0" encoding="UTF-8"?>
<!-- Generated by org.testng.reporters.JUnitReportReporter -->
<testsuite hostname="DESKTOP-OJEOPFK" failures="0" tests="2" name="parallel.Edge" time="0.000" errors="0" timestamp="2023-12-01T12:22:05 IST" skipped="2">
  <testcase classname="parallel.Edge" name="IngredientsAdd" time="0.000">
    <skipped/>
  </testcase> <!-- IngredientsAdd -->
  <system-out/>
  <testcase classname="parallel.Edge" name="IngredientsEdit" time="0.000">
    <skipped/>
  </testcase> <!-- IngredientsEdit -->
  <system-out/>
</testsuite> <!-- parallel.Edge -->
