<?xml version="1.0" encoding="UTF-8"?>
<!-- Generated by org.testng.reporters.JUnitXMLReporter -->
<testsuite ignored="0" hostname="Bineetha-PC" failures="0" tests="4" name="Test" time="19.015" errors="0" timestamp="2026-01-14T15:26:00 IST">
  <testcase classname="demo.Tests" name="VerifyaddtocartFlow" time="11.032"/>
  <testcase classname="demo.Tests" name="invalidLogin" time="0.272"/>
  <testcase classname="demo.Tests" name="invalidLogin" time="0.237"/>
  <testcase classname="demo.Tests" name="invalidLogin" time="0.224"/>
</testsuite> <!-- Test -->
