<?xml version="1.0" encoding="UTF-8"?>
<!-- Generated by org.testng.reporters.JUnitXMLReporter -->
<testsuite ignored="0" hostname="Bineetha-PC" failures="2" tests="4" name="Test" time="37.975" errors="0" timestamp="2026-01-12T13:42:06 IST">
  <testcase classname="pom.ValidLogin" name="InvalidLogin" time="1.631">
    <failure type="java.lang.AssertionError" message="expected [true] but found [false]">
      <![CDATA[java.lang.AssertionError: expected [true] but found [false]
at pom.ValidLogin.InvalidLogin(ValidLogin.java:26)
at java.base/java.util.ArrayList.forEach(ArrayList.java:1511)
... Removed 29 stack frames]]>
    </failure>
  </testcase> <!-- InvalidLogin -->
  <testcase classname="pom.ValidLogin" name="InvalidLogin" time="1.562">
    <failure type="java.lang.AssertionError" message="expected [true] but found [false]">
      <![CDATA[java.lang.AssertionError: expected [true] but found [false]
at pom.ValidLogin.InvalidLogin(ValidLogin.java:26)
at java.base/java.util.ArrayList.forEach(ArrayList.java:1511)
... Removed 29 stack frames]]>
    </failure>
  </testcase> <!-- InvalidLogin -->
  <testcase classname="pom.ValidLogin" name="InvalidLogin" time="0.771"/>
  <testcase classname="pom.ValidLogin" name="login" time="1.443"/>
</testsuite> <!-- Test -->
