<?xml version="1.0" encoding="UTF-8"?>
<testng-results ignored="0" total="4" passed="4" failed="0" skipped="0">
  <reporter-output>
  </reporter-output>
  <suite started-at="2026-01-14T15:25:41 IST" name="Suite" finished-at="2026-01-14T15:26:00 IST" duration-ms="19015">
    <groups>
    </groups>
    <test started-at="2026-01-14T15:25:41 IST" name="Test" finished-at="2026-01-14T15:26:00 IST" duration-ms="19015">
      <class name="demo.Tests">
        <test-method is-config="true" signature="setup()[pri:0, instance:demo.Tests@712625fd]" started-at="2026-01-14T15:25:41 IST" name="setup" finished-at="2026-01-14T15:25:44 IST" duration-ms="2870" status="PASS">
          <reporter-output>
          </reporter-output>
        </test-method> <!-- setup -->
        <test-method signature="VerifyaddtocartFlow()[pri:0, instance:demo.Tests@712625fd]" started-at="2026-01-14T15:25:44 IST" name="VerifyaddtocartFlow" finished-at="2026-01-14T15:25:55 IST" duration-ms="11032" status="PASS">
          <reporter-output>
          </reporter-output>
        </test-method> <!-- VerifyaddtocartFlow -->
        <test-method is-config="true" signature="teardown()[pri:0, instance:demo.Tests@712625fd]" started-at="2026-01-14T15:25:55 IST" name="teardown" finished-at="2026-01-14T15:25:55 IST" duration-ms="196" status="PASS">
          <reporter-output>
          </reporter-output>
        </test-method> <!-- teardown -->
        <test-method is-config="true" signature="setup()[pri:0, instance:demo.Tests@712625fd]" started-at="2026-01-14T15:25:55 IST" name="setup" finished-at="2026-01-14T15:25:56 IST" duration-ms="1187" status="PASS">
          <reporter-output>
          </reporter-output>
        </test-method> <!-- setup -->
        <test-method signature="invalidLogin(java.lang.String,java.lang.String,java.lang.String)[pri:0, instance:demo.Tests@712625fd]" started-at="2026-01-14T15:25:56 IST" name="invalidLogin" data-provider="InvalidLoginDatas" finished-at="2026-01-14T15:25:56 IST" duration-ms="272" status="PASS">
          <params>
            <param index="0">
              <value>
                <![CDATA[locked_out_user]]>
              </value>
            </param>
            <param index="1">
              <value>
                <![CDATA[secret_sauce]]>
              </value>
            </param>
            <param index="2">
              <value>
                <![CDATA[Epic sadface: Sorry, this user has been locked out.]]>
              </value>
            </param>
          </params>
          <reporter-output>
          </reporter-output>
        </test-method> <!-- invalidLogin -->
        <test-method is-config="true" signature="teardown()[pri:0, instance:demo.Tests@712625fd]" started-at="2026-01-14T15:25:56 IST" name="teardown" finished-at="2026-01-14T15:25:57 IST" duration-ms="189" status="PASS">
          <reporter-output>
          </reporter-output>
        </test-method> <!-- teardown -->
        <test-method is-config="true" signature="setup()[pri:0, instance:demo.Tests@712625fd]" started-at="2026-01-14T15:25:57 IST" name="setup" finished-at="2026-01-14T15:25:58 IST" duration-ms="1184" status="PASS">
          <reporter-output>
          </reporter-output>
        </test-method> <!-- setup -->
        <test-method signature="invalidLogin(java.lang.String,java.lang.String,java.lang.String)[pri:0, instance:demo.Tests@712625fd]" started-at="2026-01-14T15:25:58 IST" name="invalidLogin" data-provider="InvalidLoginDatas" finished-at="2026-01-14T15:25:58 IST" duration-ms="237" status="PASS">
          <params>
            <param index="0">
              <value>
                <![CDATA[standard_user]]>
              </value>
            </param>
            <param index="1">
              <value>
                <![CDATA[wrong_pass]]>
              </value>
            </param>
            <param index="2">
              <value>
                <![CDATA[Epic sadface: Username and password do not match any user in this service]]>
              </value>
            </param>
          </params>
          <reporter-output>
          </reporter-output>
        </test-method> <!-- invalidLogin -->
        <test-method is-config="true" signature="teardown()[pri:0, instance:demo.Tests@712625fd]" started-at="2026-01-14T15:25:58 IST" name="teardown" finished-at="2026-01-14T15:25:58 IST" duration-ms="142" status="PASS">
          <reporter-output>
          </reporter-output>
        </test-method> <!-- teardown -->
        <test-method is-config="true" signature="setup()[pri:0, instance:demo.Tests@712625fd]" started-at="2026-01-14T15:25:58 IST" name="setup" finished-at="2026-01-14T15:25:59 IST" duration-ms="1238" status="PASS">
          <reporter-output>
          </reporter-output>
        </test-method> <!-- setup -->
        <test-method signature="invalidLogin(java.lang.String,java.lang.String,java.lang.String)[pri:0, instance:demo.Tests@712625fd]" started-at="2026-01-14T15:25:59 IST" name="invalidLogin" data-provider="InvalidLoginDatas" finished-at="2026-01-14T15:26:00 IST" duration-ms="224" status="PASS">
          <params>
            <param index="0">
              <value>
                <![CDATA[]]>
              </value>
            </param>
            <param index="1">
              <value>
                <![CDATA[secret_sauce]]>
              </value>
            </param>
            <param index="2">
              <value>
                <![CDATA[Epic sadface: Username is required]]>
              </value>
            </param>
          </params>
          <reporter-output>
          </reporter-output>
        </test-method> <!-- invalidLogin -->
        <test-method is-config="true" signature="teardown()[pri:0, instance:demo.Tests@712625fd]" started-at="2026-01-14T15:26:00 IST" name="teardown" finished-at="2026-01-14T15:26:00 IST" duration-ms="204" status="PASS">
          <reporter-output>
          </reporter-output>
        </test-method> <!-- teardown -->
      </class> <!-- demo.Tests -->
    </test> <!-- Test -->
  </suite> <!-- Suite -->
</testng-results>
