<?xml version="1.0" encoding="UTF-8"?>
<testng-results ignored="0" total="1" passed="1" failed="0" skipped="0">
  <reporter-output>
  </reporter-output>
  <suite started-at="2023-08-08T05:32:18Z" name="Default suite" finished-at="2023-08-08T05:33:08Z" duration-ms="49819">
    <groups>
    </groups>
    <test started-at="2023-08-08T05:32:18Z" name="Default test" finished-at="2023-08-08T05:33:08Z" duration-ms="49819">
      <class name="mammografia.mammo">
        <test-method signature="setUp1()[pri:0, instance:mammografia.mammo@1433046b]" started-at="2023-08-08T05:32:18Z" name="setUp1" finished-at="2023-08-08T05:33:08Z" duration-ms="49738" status="PASS">
          <reporter-output>
          </reporter-output>
        </test-method> <!-- setUp1 -->
      </class> <!-- mammografia.mammo -->
    </test> <!-- Default test -->
  </suite> <!-- Default suite -->
</testng-results>
