<?xml version="1.0" encoding="UTF-8"?>
<!-- Generated by org.testng.reporters.JUnitReportReporter -->
<testsuite hostname="Bineetha-PC" failures="0" tests="5" name="bb.Demotest" time="35.280" errors="0" timestamp="2025-05-23T14:27:56 IST" skipped="0">
  <testcase classname="bb.Demotest" name="loginscenarios" time="6.620"/>
  <system-out/>
  <testcase classname="bb.Demotest" name="loginscenarios" time="6.464"/>
  <system-out/>
  <testcase classname="bb.Demotest" name="loginscenarios" time="6.663"/>
  <system-out/>
  <testcase classname="bb.Demotest" name="loginscenarios" time="10.439"/>
  <system-out/>
  <testcase classname="bb.Demotest" name="screenshot" time="5.094"/>
  <system-out/>
</testsuite> <!-- bb.Demotest -->
