<?xml version="1.0" encoding="UTF-8"?>
<!-- Generated by org.testng.reporters.JUnitReportReporter -->
<testsuite hostname="Bineetha-PC" failures="0" tests="3" name="ddcparallel.Chrome" time="32.142" errors="0" timestamp="2025-02-26T09:43:10 IST" skipped="0">
  <testcase classname="ddcparallel.Chrome" name="URLverification" time="1.470"/>
  <system-out/>
  <testcase classname="ddcparallel.Chrome" name="services" time="9.804"/>
  <system-out/>
  <testcase classname="ddcparallel.Chrome" name="facility" time="20.868"/>
  <system-out/>
</testsuite> <!-- ddcparallel.Chrome -->
