<?xml version="1.0" encoding="UTF-8"?>
<!-- Generated by org.testng.reporters.JUnitXMLReporter -->
<testsuite ignored="0" hostname="Bineetha-PC" failures="0" tests="1" name="Default test" time="0.567" errors="0" timestamp="2025-01-31T08:49:22 IST">
  <testcase classname="dbtest.StoredProcedureTest" name="@BeforeClass setUp" time="0.422">
    <failure type="java.lang.RuntimeException" message="Failed to connect to the database: Access denied for user &amp;apos;root&amp;apos;@&amp;apos;localhost&amp;apos; (using password: NO)">
      <![CDATA[java.lang.RuntimeException: Failed to connect to the database: Access denied for user 'root'@'localhost' (using password: NO)
at dbtest.DBConnection.getConnection(DBConnection.java:23)
at dbtest.StoredProcedureTest.setUp(StoredProcedureTest.java:19)
at java.base/jdk.internal.reflect.DirectMethodHandleAccessor.invoke(DirectMethodHandleAccessor.java:104)
at java.base/java.lang.reflect.Method.invoke(Method.java:578)
at org.testng.internal.MethodInvocationHelper.invokeMethod(MethodInvocationHelper.java:133)
at org.testng.internal.MethodInvocationHelper.invokeMethodConsideringTimeout(MethodInvocationHelper.java:62)
at org.testng.internal.ConfigInvoker.invokeConfigurationMethod(ConfigInvoker.java:385)
at org.testng.internal.ConfigInvoker.invokeConfigurations(ConfigInvoker.java:321)
at org.testng.internal.TestMethodWorker.invokeBeforeClassMethods(TestMethodWorker.java:176)
at org.testng.internal.TestMethodWorker.run(TestMethodWorker.java:122)
at java.base/java.util.ArrayList.forEach(ArrayList.java:1511)
at org.testng.TestRunner.privateRun(TestRunner.java:794)
at org.testng.TestRunner.run(TestRunner.java:596)
at org.testng.SuiteRunner.runTest(SuiteRunner.java:377)
at org.testng.SuiteRunner.runSequentially(SuiteRunner.java:371)
at org.testng.SuiteRunner.privateRun(SuiteRunner.java:332)
at org.testng.SuiteRunner.run(SuiteRunner.java:276)
at org.testng.SuiteRunnerWorker.runSuite(SuiteRunnerWorker.java:53)
at org.testng.SuiteRunnerWorker.run(SuiteRunnerWorker.java:96)
at org.testng.TestNG.runSuitesSequentially(TestNG.java:1212)
at org.testng.TestNG.runSuitesLocally(TestNG.java:1134)
at org.testng.TestNG.runSuites(TestNG.java:1063)
at org.testng.TestNG.run(TestNG.java:1031)
at org.testng.remote.AbstractRemoteTestNG.run(AbstractRemoteTestNG.java:115)
at org.testng.remote.RemoteTestNG.initAndRun(RemoteTestNG.java:251)
at org.testng.remote.RemoteTestNG.main(RemoteTestNG.java:77)
]]>
    </failure>
  </testcase> <!-- @BeforeClass setUp -->
  <testcase classname="dbtest.StoredProcedureTest" name="@AfterClass tearDown" time="-1.738293562971E9">
    <skipped/>
  </testcase> <!-- @AfterClass tearDown -->
  <testcase classname="dbtest.StoredProcedureTest" name="testDeliveryAreaInsertion" time="0.0">
    <skipped/>
  </testcase> <!-- testDeliveryAreaInsertion -->
</testsuite> <!-- Default test -->
