<?xml version="1.0" encoding="UTF-8"?>
<testng-results ignored="10" total="11" passed="0" failed="1" skipped="0">
  <reporter-output>
  </reporter-output>
  <suite started-at="2025-02-28T14:24:08 IST" name="Default suite" finished-at="2025-02-28T14:24:52 IST" duration-ms="44203">
    <groups>
    </groups>
    <test started-at="2025-02-28T14:24:08 IST" name="Default test" finished-at="2025-02-28T14:24:52 IST" duration-ms="44203">
      <class name="mobtestddc.Mobtest">
        <test-method is-config="true" signature="setUp()[pri:0, instance:mobtestddc.Mobtest@6155d082]" started-at="2025-02-28T14:24:08 IST" name="setUp" finished-at="2025-02-28T14:24:27 IST" duration-ms="19593" status="PASS">
          <reporter-output>
          </reporter-output>
        </test-method> <!-- setUp -->
        <test-method signature="PopularPackages()[pri:4, instance:mobtestddc.Mobtest@6155d082]" started-at="2025-02-28T14:24:27 IST" name="PopularPackages" finished-at="2025-02-28T14:24:51 IST" duration-ms="23925" status="FAIL">
          <exception class="org.openqa.selenium.TimeoutException">
            <message>
              <![CDATA[Expected condition failed: waiting for visibility of element located by By.xpath: //a[@href='package-details.php?id=5'] (tried for 10 second(s) with 500 milliseconds interval)
Build info: version: '4.8.3', revision: 'b19b418e60'
System info: os.name: 'Windows 10', os.arch: 'amd64', os.version: '10.0', java.version: '19.0.2'
Driver info: io.appium.java_client.android.AndroidDriver
Capabilities {appium:appActivity: com.google.android.apps.chr..., appium:appPackage: com.android.chrome, appium:chromedriverExecutable: C:\Users\computer-2\Downloa..., appium:databaseEnabled: false, appium:desired: {browserName: Chrome, chromedriverExecutable: C:\Users\computer-2\Downloa..., deviceName: GalaxyA13, platformName: android}, appium:deviceApiLevel: 34, appium:deviceManufacturer: samsung, appium:deviceModel: SM-A135F, appium:deviceName: R58T33YES1T, appium:deviceScreenDensity: 450, appium:deviceScreenSize: 1080x2408, appium:deviceUDID: R58T33YES1T, appium:javascriptEnabled: true, appium:locationContextEnabled: false, appium:networkConnectionEnabled: true, appium:pixelRatio: 2.8125, appium:platformVersion: 14, appium:statBarHeight: 70, appium:takesScreenshot: true, appium:viewportRect: {height: 2138, left: 0, top: 70, width: 1080}, appium:warnings: {}, appium:webStorageEnabled: false, browserName: Chrome, platformName: ANDROID}
Session ID: fe02a84d-5779-4132-859c-7f7f907df743]]>
            </message>
            <full-stacktrace>
              <![CDATA[org.openqa.selenium.TimeoutException: Expected condition failed: waiting for visibility of element located by By.xpath: //a[@href='package-details.php?id=5'] (tried for 10 second(s) with 500 milliseconds interval)
Build info: version: '4.8.3', revision: 'b19b418e60'
System info: os.name: 'Windows 10', os.arch: 'amd64', os.version: '10.0', java.version: '19.0.2'
Driver info: io.appium.java_client.android.AndroidDriver
Capabilities {appium:appActivity: com.google.android.apps.chr..., appium:appPackage: com.android.chrome, appium:chromedriverExecutable: C:\Users\computer-2\Downloa..., appium:databaseEnabled: false, appium:desired: {browserName: Chrome, chromedriverExecutable: C:\Users\computer-2\Downloa..., deviceName: GalaxyA13, platformName: android}, appium:deviceApiLevel: 34, appium:deviceManufacturer: samsung, appium:deviceModel: SM-A135F, appium:deviceName: R58T33YES1T, appium:deviceScreenDensity: 450, appium:deviceScreenSize: 1080x2408, appium:deviceUDID: R58T33YES1T, appium:javascriptEnabled: true, appium:locationContextEnabled: false, appium:networkConnectionEnabled: true, appium:pixelRatio: 2.8125, appium:platformVersion: 14, appium:statBarHeight: 70, appium:takesScreenshot: true, appium:viewportRect: {height: 2138, left: 0, top: 70, width: 1080}, appium:warnings: {}, appium:webStorageEnabled: false, browserName: Chrome, platformName: ANDROID}
Session ID: fe02a84d-5779-4132-859c-7f7f907df743
at org.openqa.selenium.support.ui.WebDriverWait.timeoutException(WebDriverWait.java:87)
at org.openqa.selenium.support.ui.FluentWait.until(FluentWait.java:231)
at mobtestddc.Mobtest.PopularPackages(Mobtest.java:187)
at java.base/jdk.internal.reflect.DirectMethodHandleAccessor.invoke(DirectMethodHandleAccessor.java:104)
at java.base/java.lang.reflect.Method.invoke(Method.java:578)
at org.testng.internal.MethodInvocationHelper.invokeMethod(MethodInvocationHelper.java:133)
at org.testng.internal.TestInvoker.invokeMethod(TestInvoker.java:598)
at org.testng.internal.TestInvoker.invokeTestMethod(TestInvoker.java:173)
at org.testng.internal.MethodRunner.runInSequence(MethodRunner.java:46)
at org.testng.internal.TestInvoker$MethodInvocationAgent.invoke(TestInvoker.java:824)
at org.testng.internal.TestInvoker.invokeTestMethods(TestInvoker.java:146)
at org.testng.internal.TestMethodWorker.invokeTestMethods(TestMethodWorker.java:146)
at org.testng.internal.TestMethodWorker.run(TestMethodWorker.java:128)
at java.base/java.util.ArrayList.forEach(ArrayList.java:1511)
at org.testng.TestRunner.privateRun(TestRunner.java:794)
at org.testng.TestRunner.run(TestRunner.java:596)
at org.testng.SuiteRunner.runTest(SuiteRunner.java:377)
at org.testng.SuiteRunner.runSequentially(SuiteRunner.java:371)
at org.testng.SuiteRunner.privateRun(SuiteRunner.java:332)
at org.testng.SuiteRunner.run(SuiteRunner.java:276)
at org.testng.SuiteRunnerWorker.runSuite(SuiteRunnerWorker.java:53)
at org.testng.SuiteRunnerWorker.run(SuiteRunnerWorker.java:96)
at org.testng.TestNG.runSuitesSequentially(TestNG.java:1212)
at org.testng.TestNG.runSuitesLocally(TestNG.java:1134)
at org.testng.TestNG.runSuites(TestNG.java:1063)
at org.testng.TestNG.run(TestNG.java:1031)
at org.testng.remote.AbstractRemoteTestNG.run(AbstractRemoteTestNG.java:115)
at org.testng.remote.RemoteTestNG.initAndRun(RemoteTestNG.java:251)
at org.testng.remote.RemoteTestNG.main(RemoteTestNG.java:77)
]]>
            </full-stacktrace>
          </exception> <!-- org.openqa.selenium.TimeoutException -->
          <reporter-output>
          </reporter-output>
        </test-method> <!-- PopularPackages -->
        <test-method is-config="true" signature="tearDown()[pri:0, instance:mobtestddc.Mobtest@6155d082]" started-at="2025-02-28T14:24:51 IST" name="tearDown" finished-at="2025-02-28T14:24:52 IST" duration-ms="592" status="PASS">
          <reporter-output>
          </reporter-output>
        </test-method> <!-- tearDown -->
      </class> <!-- mobtestddc.Mobtest -->
    </test> <!-- Default test -->
  </suite> <!-- Default suite -->
</testng-results>
