<?xml version="1.0" encoding="UTF-8"?>
<!-- Generated by org.testng.reporters.JUnitXMLReporter -->
<testsuite ignored="0" hostname="Bineetha-PC" failures="0" tests="3" name="ChromeTest" time="22.586" errors="0" timestamp="2025-02-27T09:01:33 IST">
  <testcase classname="crossbrowsertest.Chrome" name="URLverification" time="0.044"/>
  <testcase classname="crossbrowsertest.Chrome" name="ABOUT" time="3.389"/>
  <testcase classname="crossbrowsertest.Chrome" name="services" time="3.868"/>
</testsuite> <!-- ChromeTest -->
