<?xml version="1.0" encoding="UTF-8"?>
<testng-results ignored="0" total="1" passed="1" failed="0" skipped="0">
  <reporter-output>
  </reporter-output>
  <suite started-at="2025-07-10T09:32:37 IST" name="Default suite" finished-at="2025-07-10T09:32:51 IST" duration-ms="13886">
    <groups>
    </groups>
    <test started-at="2025-07-10T09:32:37 IST" name="Default test" finished-at="2025-07-10T09:32:51 IST" duration-ms="13886">
      <class name="bb.Realtasks">
        <test-method is-config="true" signature="setup()[pri:0, instance:bb.Realtasks@4229bb3f]" started-at="2025-07-10T09:32:37 IST" name="setup" finished-at="2025-07-10T09:32:41 IST" duration-ms="4298" status="PASS">
          <reporter-output>
          </reporter-output>
        </test-method> <!-- setup -->
        <test-method signature="test()[pri:0, instance:bb.Realtasks@4229bb3f]" started-at="2025-07-10T09:32:41 IST" name="test" finished-at="2025-07-10T09:32:51 IST" duration-ms="9557" status="PASS">
          <reporter-output>
          </reporter-output>
        </test-method> <!-- test -->
        <test-method is-config="true" signature="close()[pri:0, instance:bb.Realtasks@4229bb3f]" started-at="2025-07-10T09:32:51 IST" name="close" finished-at="2025-07-10T09:32:51 IST" duration-ms="0" status="PASS">
          <reporter-output>
          </reporter-output>
        </test-method> <!-- close -->
      </class> <!-- bb.Realtasks -->
    </test> <!-- Default test -->
  </suite> <!-- Default suite -->
</testng-results>
