<?xml version="1.0" encoding="UTF-8"?>
<!-- Generated by org.testng.reporters.JUnitReportReporter -->
<testsuite hostname="Bineetha-PC" failures="0" tests="4" name="demo.Tests" time="18.975" errors="0" timestamp="2026-01-14T15:26:00 IST" skipped="0">
  <testcase classname="demo.Tests" name="VerifyaddtocartFlow" time="12.466"/>
  <system-out/>
  <testcase classname="demo.Tests" name="invalidLogin" time="3.311"/>
  <system-out/>
  <testcase classname="demo.Tests" name="invalidLogin" time="1.550"/>
  <system-out/>
  <testcase classname="demo.Tests" name="invalidLogin" time="1.648"/>
  <system-out/>
</testsuite> <!-- demo.Tests -->
