<?xml version="1.0" encoding="UTF-8"?>
<!-- Generated by org.testng.reporters.JUnitXMLReporter -->
<testsuite ignored="0" hostname="DESKTOP-OJEOPFK" failures="0" tests="5" name="Test" time="3.699" errors="0" timestamp="2023-12-01T12:22:04 IST">
  <testcase classname="parallel.ChromeTest" name="@BeforeTest setUp" time="3.657">
    <failure type="org.openqa.selenium.SessionNotCreatedException" message="Could not start a new session. Response code 500. Message: session not created: This version of ChromeDriver only supports Chrome version 115
Current browser version is 119.0.6045.200 with binary path C:\Program Files (x86)\Google\Chrome\Application\chrome.exe 
Host info: host: &amp;apos;DESKTOP-OJEOPFK&amp;apos;, ip: &amp;apos;192.168.2.207&amp;apos;
Build info: version: &amp;apos;4.8.3&amp;apos;, revision: &amp;apos;b19b418e60&amp;apos;
System info: os.name: &amp;apos;Windows 10&amp;apos;, os.arch: &amp;apos;amd64&amp;apos;, os.version: &amp;apos;10.0&amp;apos;, java.version: &amp;apos;19.0.2&amp;apos;
Driver info: org.openqa.selenium.chrome.ChromeDriver
Command: [null, newSession {capabilities=[Capabilities {browserName: chrome, goog:chromeOptions: {args: [--remote-allow-origins=*], extensions: []}}], desiredCapabilities=Capabilities {browserName: chrome, goog:chromeOptions: {args: [--remote-allow-origins=*], extensions: []}}}]">
      <![CDATA[org.openqa.selenium.SessionNotCreatedException: Could not start a new session. Response code 500. Message: session not created: This version of ChromeDriver only supports Chrome version 115
Current browser version is 119.0.6045.200 with binary path C:\Program Files (x86)\Google\Chrome\Application\chrome.exe 
Host info: host: 'DESKTOP-OJEOPFK', ip: '192.168.2.207'
Build info: version: '4.8.3', revision: 'b19b418e60'
System info: os.name: 'Windows 10', os.arch: 'amd64', os.version: '10.0', java.version: '19.0.2'
Driver info: org.openqa.selenium.chrome.ChromeDriver
Command: [null, newSession {capabilities=[Capabilities {browserName: chrome, goog:chromeOptions: {args: [--remote-allow-origins=*], extensions: []}}], desiredCapabilities=Capabilities {browserName: chrome, goog:chromeOptions: {args: [--remote-allow-origins=*], extensions: []}}}]
at org.openqa.selenium.remote.ProtocolHandshake.createSession(ProtocolHandshake.java:148)
at org.openqa.selenium.remote.ProtocolHandshake.createSession(ProtocolHandshake.java:106)
at org.openqa.selenium.remote.ProtocolHandshake.createSession(ProtocolHandshake.java:67)
at org.openqa.selenium.remote.HttpCommandExecutor.execute(HttpCommandExecutor.java:165)
at org.openqa.selenium.remote.service.DriverCommandExecutor.invokeExecute(DriverCommandExecutor.java:183)
at org.openqa.selenium.remote.service.DriverCommandExecutor.execute(DriverCommandExecutor.java:158)
at org.openqa.selenium.remote.RemoteWebDriver.execute(RemoteWebDriver.java:543)
at org.openqa.selenium.remote.RemoteWebDriver.startSession(RemoteWebDriver.java:229)
at org.openqa.selenium.remote.RemoteWebDriver.<init>(RemoteWebDriver.java:157)
at org.openqa.selenium.chromium.ChromiumDriver.<init>(ChromiumDriver.java:101)
at org.openqa.selenium.chrome.ChromeDriver.<init>(ChromeDriver.java:88)
at org.openqa.selenium.chrome.ChromeDriver.<init>(ChromeDriver.java:84)
at org.openqa.selenium.chrome.ChromeDriver.<init>(ChromeDriver.java:52)
at parallel.ChromeTest.setUp(ChromeTest.java:30)
... Removed 22 stack frames]]>
    </failure>
  </testcase> <!-- @BeforeTest setUp -->
  <testcase classname="parallel.Edge" name="@BeforeTest setUp" time="-1.701413524951E9">
    <skipped/>
  </testcase> <!-- @BeforeTest setUp -->
  <testcase classname="parallel.FirefoxTest" name="@BeforeTest setUp" time="-1.701413524952E9">
    <skipped/>
  </testcase> <!-- @BeforeTest setUp -->
  <testcase classname="parallel.ChromeTest" name="@AfterTest tearDown" time="-1.701413524982E9">
    <skipped/>
  </testcase> <!-- @AfterTest tearDown -->
  <testcase classname="parallel.Edge" name="@AfterTest tearDown" time="-1.701413524983E9">
    <skipped/>
  </testcase> <!-- @AfterTest tearDown -->
  <testcase classname="parallel.ChromeTest" name="IngredientsAdd" time="0.0">
    <skipped/>
  </testcase> <!-- IngredientsAdd -->
  <testcase classname="parallel.Edge" name="IngredientsAdd" time="0.0">
    <skipped/>
  </testcase> <!-- IngredientsAdd -->
  <testcase classname="parallel.ChromeTest" name="IngredientsEdit" time="0.0">
    <skipped/>
  </testcase> <!-- IngredientsEdit -->
  <testcase classname="parallel.Edge" name="IngredientsEdit" time="0.0">
    <skipped/>
  </testcase> <!-- IngredientsEdit -->
  <testcase classname="parallel.FirefoxTest" name="BrandEdit" time="0.0">
    <skipped/>
  </testcase> <!-- BrandEdit -->
</testsuite> <!-- Test -->
