<?xml version="1.0" encoding="UTF-8"?>
<!-- Generated by org.testng.reporters.JUnitReportReporter -->
<testsuite hostname="DESKTOP-OJEOPFK" failures="0" tests="9" name="medstorecrossbrowsertest.Am" time="68.887" errors="0" timestamp="2023-04-24T16:30:51 IST" skipped="0">
  <testcase classname="medstorecrossbrowsertest.Am" name="mamografia" time="0.634"/>
  <system-out/>
  <testcase classname="medstorecrossbrowsertest.Am" name="ProductDetailsEdit" time="14.210"/>
  <system-out/>
  <testcase classname="medstorecrossbrowsertest.Am" name="ProductDetailsEdit" time="14.142"/>
  <system-out/>
  <testcase classname="medstorecrossbrowsertest.Am" name="mamografia" time="2.530"/>
  <system-out/>
  <testcase classname="medstorecrossbrowsertest.Am" name="ProductDetails1" time="6.892"/>
  <system-out/>
  <testcase classname="medstorecrossbrowsertest.Am" name="ProductDetailsEdit" time="14.250"/>
  <system-out/>
  <testcase classname="medstorecrossbrowsertest.Am" name="ProductDetails1" time="6.992"/>
  <system-out/>
  <testcase classname="medstorecrossbrowsertest.Am" name="mamografia" time="2.033"/>
  <system-out/>
  <testcase classname="medstorecrossbrowsertest.Am" name="ProductDetails1" time="7.204"/>
  <system-out/>
</testsuite> <!-- medstorecrossbrowsertest.Am -->
