<?xml version="1.0" encoding="UTF-8"?>
<!-- Generated by org.testng.reporters.JUnitReportReporter -->
<testsuite hostname="DESKTOP-OJEOPFK" failures="0" tests="6" name="medstorecrossbrowsertest.S" time="24.527" errors="0" timestamp="2023-04-24T12:20:45 IST" skipped="0">
  <testcase classname="medstorecrossbrowsertest.S" name="manufactureredit" time="6.362"/>
  <system-out/>
  <testcase classname="medstorecrossbrowsertest.S" name="mamografia" time="1.950"/>
  <system-out/>
  <testcase classname="medstorecrossbrowsertest.S" name="mamografia" time="0.624"/>
  <system-out/>
  <testcase classname="medstorecrossbrowsertest.S" name="manufactureredit" time="7.060"/>
  <system-out/>
  <testcase classname="medstorecrossbrowsertest.S" name="manufactureredit" time="6.192"/>
  <system-out/>
  <testcase classname="medstorecrossbrowsertest.S" name="mamografia" time="2.339"/>
  <system-out/>
</testsuite> <!-- medstorecrossbrowsertest.S -->
