<?xml version="1.0" encoding="UTF-8"?>
<testng-results ignored="0" total="1" passed="1" failed="0" skipped="0">
  <reporter-output>
  </reporter-output>
  <suite started-at="2025-05-16T10:44:50 IST" name="Default suite" finished-at="2025-05-16T10:45:01 IST" duration-ms="10552">
    <groups>
    </groups>
    <test started-at="2025-05-16T10:44:50 IST" name="Default test" finished-at="2025-05-16T10:45:01 IST" duration-ms="10552">
      <class name="testcodes.Login">
        <test-method is-config="true" signature="setup()[pri:0, instance:testcodes.Login@5fbdfdcf]" started-at="2025-05-16T10:44:50 IST" name="setup" finished-at="2025-05-16T10:44:56 IST" duration-ms="5616" status="PASS">
          <reporter-output>
          </reporter-output>
        </test-method> <!-- setup -->
        <test-method signature="login()[pri:1, instance:testcodes.Login@5fbdfdcf]" started-at="2025-05-16T10:44:56 IST" name="login" finished-at="2025-05-16T10:45:01 IST" duration-ms="4819" status="PASS">
          <reporter-output>
          </reporter-output>
        </test-method> <!-- login -->
        <test-method is-config="true" signature="teardown()[pri:0, instance:testcodes.Login@5fbdfdcf]" started-at="2025-05-16T10:45:01 IST" name="teardown" finished-at="2025-05-16T10:45:01 IST" duration-ms="90" status="PASS">
          <reporter-output>
          </reporter-output>
        </test-method> <!-- teardown -->
      </class> <!-- testcodes.Login -->
    </test> <!-- Default test -->
  </suite> <!-- Default suite -->
</testng-results>
